<?xml version="1.0" encoding="UTF-8"?>
<!-- Generated by org.testng.reporters.JUnitReportReporter -->
<testsuite skipped="0" hostname="Nagadivyas-Air.lan1" name="com.training.sanity.tests.LoginTests" tests="3" failures="0" timestamp="07 May 2020 22:05:35 GMT" time="22.081" errors="0">
  <testcase name="validLoginTest" time="10.057" classname="com.training.sanity.tests.LoginTests"/>
  <testcase name="accountUpdate" time="7.348" classname="com.training.sanity.tests.LoginTests"/>
  <testcase name="pwdreset" time="4.676" classname="com.training.sanity.tests.LoginTests"/>
</testsuite> <!-- com.training.sanity.tests.LoginTests -->
